<?xml version="1.0" encoding="UTF-8"?>
<!-- Generated by org.testng.reporters.JUnitXMLReporter -->
<testsuite ignored="0" hostname="MacBook-Air-alkhas-b-alkhateeb.local" failures="0" tests="3" name="Default test" time="25.266" errors="0" timestamp="2025-12-04T02:52:59 EET">
  <testcase classname="auth_TestStore.MyTestCases" name="signup" time="12.176"/>
  <testcase classname="auth_TestStore.MyTestCases" name="logout" time="3.057"/>
  <testcase classname="auth_TestStore.MyTestCases" name="login" time="7.267"/>
</testsuite> <!-- Default test -->
