<?xml version="1.0" encoding="UTF-8"?>
<testng-results ignored="0" total="3" passed="3" failed="0" skipped="0">
  <reporter-output>
  </reporter-output>
  <suite started-at="2025-12-04T02:52:34 EET" name="Default suite" finished-at="2025-12-04T02:52:59 EET" duration-ms="25266">
    <groups>
    </groups>
    <test started-at="2025-12-04T02:52:34 EET" name="Default test" finished-at="2025-12-04T02:52:59 EET" duration-ms="25266">
      <class name="auth_TestStore.MyTestCases">
        <test-method is-config="true" signature="MySetup()[pri:0, instance:auth_TestStore.MyTestCases@7103cb56]" started-at="2025-12-04T02:52:34 EET" name="MySetup" finished-at="2025-12-04T02:52:37 EET" duration-ms="2539" status="PASS">
          <reporter-output>
          </reporter-output>
        </test-method> <!-- MySetup -->
        <test-method signature="signup()[pri:1, instance:auth_TestStore.MyTestCases@7103cb56]" started-at="2025-12-04T02:52:37 EET" name="signup" finished-at="2025-12-04T02:52:49 EET" duration-ms="12176" status="PASS">
          <reporter-output>
          </reporter-output>
        </test-method> <!-- signup -->
        <test-method signature="logout()[pri:2, instance:auth_TestStore.MyTestCases@7103cb56]" started-at="2025-12-04T02:52:49 EET" name="logout" finished-at="2025-12-04T02:52:52 EET" duration-ms="3057" status="PASS">
          <reporter-output>
          </reporter-output>
        </test-method> <!-- logout -->
        <test-method signature="login()[pri:3, instance:auth_TestStore.MyTestCases@7103cb56]" started-at="2025-12-04T02:52:52 EET" name="login" finished-at="2025-12-04T02:52:59 EET" duration-ms="7267" status="PASS">
          <reporter-output>
          </reporter-output>
        </test-method> <!-- login -->
        <test-method is-config="true" signature="AfterDoingTheTest()[pri:0, instance:auth_TestStore.MyTestCases@7103cb56]" started-at="2025-12-04T02:52:59 EET" name="AfterDoingTheTest" finished-at="2025-12-04T02:52:59 EET" duration-ms="2" status="PASS">
          <reporter-output>
          </reporter-output>
        </test-method> <!-- AfterDoingTheTest -->
      </class> <!-- auth_TestStore.MyTestCases -->
    </test> <!-- Default test -->
  </suite> <!-- Default suite -->
</testng-results>
