<?xml version="1.0" encoding="UTF-8"?>
<!-- Generated by org.testng.reporters.JUnitReportReporter -->
<testsuite hostname="MacBook-Air-alkhas-b-alkhateeb.local" failures="0" tests="3" name="auth_TestStore.MyTestCases" time="22.500" errors="0" timestamp="2025-12-04T02:53:00 EET" skipped="0">
  <testcase classname="auth_TestStore.MyTestCases" name="signup" time="12.176"/>
  <testcase classname="auth_TestStore.MyTestCases" name="logout" time="3.057"/>
  <testcase classname="auth_TestStore.MyTestCases" name="login" time="7.267"/>
</testsuite> <!-- auth_TestStore.MyTestCases -->
